<?xml version="1.0" encoding="UTF-8"?>
<robot generator="Robot 6.1.1 (Python 3.10.6 on linux)" generated="20231120 04:09:58.064" rpa="false" schemaversion="4">
<suite id="s1" name="Tests" source="/mnt/c/Users/Jaakko/Documents/Projects/ohtupalautus/viikko3/web-login/src/tests">
<suite id="s1-s1" name="Login" source="/mnt/c/Users/Jaakko/Documents/Projects/ohtupalautus/viikko3/web-login/src/tests/login.robot">
<kw name="Open And Configure Browser" library="resource" type="SETUP">
<kw name="Evaluate" library="BuiltIn">
<var>${options}</var>
<arg>sys.modules['selenium.webdriver'].ChromeOptions()</arg>
<arg>sys</arg>
<doc>Evaluates the given expression in Python and returns the result.</doc>
<msg timestamp="20231120 04:09:58.227" level="INFO">${options} = &lt;selenium.webdriver.chrome.options.Options object at 0x7f8a5408b1f0&gt;</msg>
<status status="PASS" starttime="20231120 04:09:58.226" endtime="20231120 04:09:58.227"/>
</kw>
<kw name="Call Method" library="BuiltIn">
<arg>${options}</arg>
<arg>add_argument</arg>
<arg>--no-sandbox</arg>
<doc>Calls the named method of the given object with the provided arguments.</doc>
<status status="PASS" starttime="20231120 04:09:58.227" endtime="20231120 04:09:58.227"/>
</kw>
<kw name="Open Browser" library="SeleniumLibrary">
<arg>browser=chrome</arg>
<arg>options=${options}</arg>
<doc>Opens a new browser instance to the optional ``url``.</doc>
<msg timestamp="20231120 04:09:58.227" level="INFO">Opening browser 'chrome' to base url 'None'.</msg>
<msg timestamp="20231120 04:10:27.631" level="INFO">Cannot capture screenshot because no browser is open.</msg>
<msg timestamp="20231120 04:10:27.632" level="FAIL">NoSuchDriverException: Message: Unable to obtain driver for chrome using Selenium Manager.; For documentation on this error, please visit: https://www.selenium.dev/documentation/webdriver/troubleshooting/errors/driver_location
</msg>
<status status="FAIL" starttime="20231120 04:09:58.227" endtime="20231120 04:10:27.634"/>
</kw>
<kw name="Set Selenium Speed" library="SeleniumLibrary">
<arg>${DELAY}</arg>
<doc>Sets the delay that is waited after each Selenium command.</doc>
<status status="NOT RUN" starttime="20231120 04:10:27.634" endtime="20231120 04:10:27.634"/>
</kw>
<status status="FAIL" starttime="20231120 04:09:58.226" endtime="20231120 04:10:27.634"/>
</kw>
<test id="s1-s1-t1" name="Login With Correct Credentials" line="8">
<status status="FAIL" starttime="20231120 04:10:27.634" endtime="20231120 04:10:27.635">Parent suite setup failed:
NoSuchDriverException: Message: Unable to obtain driver for chrome using Selenium Manager.; For documentation on this error, please visit: https://www.selenium.dev/documentation/webdriver/troubleshooting/errors/driver_location
</status>
</test>
<test id="s1-s1-t2" name="Login With Incorrect Password" line="14">
<status status="FAIL" starttime="20231120 04:10:27.636" endtime="20231120 04:10:27.637">Parent suite setup failed:
NoSuchDriverException: Message: Unable to obtain driver for chrome using Selenium Manager.; For documentation on this error, please visit: https://www.selenium.dev/documentation/webdriver/troubleshooting/errors/driver_location
</status>
</test>
<kw name="Close Browser" library="SeleniumLibrary" type="TEARDOWN">
<doc>Closes the current browser.</doc>
<status status="PASS" starttime="20231120 04:10:27.638" endtime="20231120 04:10:27.638"/>
</kw>
<status status="FAIL" starttime="20231120 04:09:58.078" endtime="20231120 04:10:27.638">Suite setup failed:
NoSuchDriverException: Message: Unable to obtain driver for chrome using Selenium Manager.; For documentation on this error, please visit: https://www.selenium.dev/documentation/webdriver/troubleshooting/errors/driver_location
</status>
</suite>
<status status="FAIL" starttime="20231120 04:09:58.065" endtime="20231120 04:10:27.639"/>
</suite>
<statistics>
<total>
<stat pass="0" fail="2" skip="0">All Tests</stat>
</total>
<tag>
</tag>
<suite>
<stat pass="0" fail="2" skip="0" id="s1" name="Tests">Tests</stat>
<stat pass="0" fail="2" skip="0" id="s1-s1" name="Login">Tests.Login</stat>
</suite>
</statistics>
<errors>
</errors>
</robot>
